#
# There is insufficient memory for the Java Runtime Environment to continue.
# Native memory allocation (malloc) failed to allocate 32744 bytes for ChunkPool::allocate
# Possible reasons:
#   The system is out of physical RAM or swap space
#   The process is running with CompressedOops enabled, and the Java Heap may be blocking the growth of the native heap
# Possible solutions:
#   Reduce memory load on the system
#   Increase physical memory or swap space
#   Check if swap backing store is full
#   Decrease Java heap size (-Xmx/-Xms)
#   Decrease number of Java threads
#   Decrease Java thread stack sizes (-Xss)
#   Set larger code cache with -XX:ReservedCodeCacheSize=
#   JVM is running with Unscaled Compressed Oops mode in which the Java heap is
#     placed in the first 4GB address space. The Java Heap base address is the
#     maximum limit for the native heap growth. Please use -XX:HeapBaseMinAddress
#     to set the Java Heap base and to place the Java Heap above 4GB virtual address.
# This output file may be truncated or incomplete.
#
#  Out of Memory Error (./src/hotspot/share/memory/arena.cpp:81), pid=37872, tid=34872
#
# JRE version: OpenJDK Runtime Environment JBR-11.0.9.1.11-1145.63-jcef (11.0.9.1+11) (build 11.0.9.1+11-b1145.63)
# Java VM: OpenJDK 64-Bit Server VM JBR-11.0.9.1.11-1145.63-jcef (11.0.9.1+11-b1145.63, mixed mode, tiered, compressed oops, g1 gc, windows-amd64)
# No core dump will be written. Minidumps are not enabled by default on client versions of Windows
#

---------------  S U M M A R Y ------------

Command Line: -Djava.rmi.server.hostname=127.0.0.1 -Duser.timezone=UTC -Xmx2048m -Xms128m -Dfile.encoding=UTF-8 com.intellij.database.remote.RemoteJdbcServer org.postgresql.Driver

Host: AMD Ryzen 9 5950X 16-Core Processor            , 32 cores, 31G,  Windows 10 , 64 bit Build 19041 (10.0.19041.662)
Time: Sat Jan 16 12:06:19 2021 E. South America Standard Time elapsed time: 56416.959225 seconds (0d 15h 40m 16s)

---------------  T H R E A D  ---------------

Current thread (0x0000026970aaf800):  JavaThread "C2 CompilerThread0" daemon [_thread_in_native, id=34872, stack(0x000000fb47d00000,0x000000fb47e00000)]


Current CompileTask:
C2:56416959 3257       4       java.util.concurrent.ScheduledThreadPoolExecutor$DelayedWorkQueue::add (9 bytes)

Stack: [0x000000fb47d00000,0x000000fb47e00000]
Native frames: (J=compiled Java code, j=interpreted, Vv=VM code, C=native code)
V  [jvm.dll+0x5edd9a]
V  [jvm.dll+0x7229c5]
V  [jvm.dll+0x723f1d]
V  [jvm.dll+0x7245d3]
V  [jvm.dll+0x2431b8]
V  [jvm.dll+0xbc59b]
V  [jvm.dll+0xbc84c]
V  [jvm.dll+0x1b7327]
V  [jvm.dll+0x1b7013]
V  [jvm.dll+0x1b629e]
V  [jvm.dll+0x1a752e]
V  [jvm.dll+0x116f58]
V  [jvm.dll+0x1172d2]
V  [jvm.dll+0x2b2c74]
V  [jvm.dll+0x2b459d]
V  [jvm.dll+0x60b299]
V  [jvm.dll+0x6030fa]
V  [jvm.dll+0x602768]
V  [jvm.dll+0x600762]
V  [jvm.dll+0x18628c]
V  [jvm.dll+0x2b4623]
V  [jvm.dll+0x60b299]
V  [jvm.dll+0x6030fa]
V  [jvm.dll+0x602768]
V  [jvm.dll+0x600762]
V  [jvm.dll+0x18628c]
V  [jvm.dll+0x2b4623]
V  [jvm.dll+0x60b299]
V  [jvm.dll+0x6030fa]
V  [jvm.dll+0x602768]
V  [jvm.dll+0x600762]
V  [jvm.dll+0x18628c]
V  [jvm.dll+0x2b4623]
V  [jvm.dll+0x60b299]
V  [jvm.dll+0x6030fa]
V  [jvm.dll+0x602768]
V  [jvm.dll+0x600762]
V  [jvm.dll+0x18628c]
V  [jvm.dll+0x1faf05]
V  [jvm.dll+0x183aac]
V  [jvm.dll+0x209957]
V  [jvm.dll+0x2081a1]
V  [jvm.dll+0x6eb73f]
V  [jvm.dll+0x6e42d5]
V  [jvm.dll+0x5ecd46]
C  [ucrtbase.dll+0x214c2]
C  [KERNEL32.DLL+0x17034]
C  [ntdll.dll+0x4d0d1]


---------------  P R O C E S S  ---------------

Threads class SMR info:
_java_thread_list=0x0000026974131300, length=16, elements={
0x00000269533ea000, 0x000002697022d800, 0x0000026970a58800, 0x0000026970aab800,
0x0000026970aad000, 0x0000026970aaf800, 0x0000026970abe800, 0x0000026970acb000,
0x0000026970c60000, 0x0000026970c70000, 0x0000026971106000, 0x0000026971167800,
0x0000026971168000, 0x0000026971169800, 0x000002697122f000, 0x0000026971259000
}

Java Threads: ( => current thread )
  0x00000269533ea000 JavaThread "main" [_thread_blocked, id=21172, stack(0x000000fb47200000,0x000000fb47300000)]
  0x000002697022d800 JavaThread "Reference Handler" daemon [_thread_blocked, id=22796, stack(0x000000fb47900000,0x000000fb47a00000)]
  0x0000026970a58800 JavaThread "Finalizer" daemon [_thread_blocked, id=34724, stack(0x000000fb47a00000,0x000000fb47b00000)]
  0x0000026970aab800 JavaThread "Signal Dispatcher" daemon [_thread_blocked, id=37116, stack(0x000000fb47b00000,0x000000fb47c00000)]
  0x0000026970aad000 JavaThread "Attach Listener" daemon [_thread_blocked, id=37040, stack(0x000000fb47c00000,0x000000fb47d00000)]
=>0x0000026970aaf800 JavaThread "C2 CompilerThread0" daemon [_thread_in_native, id=34872, stack(0x000000fb47d00000,0x000000fb47e00000)]
  0x0000026970abe800 JavaThread "C1 CompilerThread0" daemon [_thread_blocked, id=26976, stack(0x000000fb47e00000,0x000000fb47f00000)]
  0x0000026970acb000 JavaThread "Sweeper thread" daemon [_thread_blocked, id=20096, stack(0x000000fb47f00000,0x000000fb48000000)]
  0x0000026970c60000 JavaThread "Service Thread" daemon [_thread_blocked, id=32112, stack(0x000000fb48100000,0x000000fb48200000)]
  0x0000026970c70000 JavaThread "Common-Cleaner" daemon [_thread_blocked, id=13348, stack(0x000000fb48300000,0x000000fb48400000)]
  0x0000026971106000 JavaThread "RMI TCP Accept-39480" daemon [_thread_in_native, id=8404, stack(0x000000fb48400000,0x000000fb48500000)]
  0x0000026971167800 JavaThread "RMI TCP Accept-0" daemon [_thread_in_native, id=33060, stack(0x000000fb48600000,0x000000fb48700000)]
  0x0000026971168000 JavaThread "RMI Reaper" [_thread_blocked, id=33584, stack(0x000000fb48700000,0x000000fb48800000)]
  0x0000026971169800 JavaThread "RMI GC Daemon" daemon [_thread_blocked, id=37516, stack(0x000000fb48800000,0x000000fb48900000)]
  0x000002697122f000 JavaThread "RMI Scheduler(0)" daemon [_thread_blocked, id=2636, stack(0x000000fb48d00000,0x000000fb48e00000)]
  0x0000026971259000 JavaThread "RMI RenewClean-[127.0.0.1:52857]" daemon [_thread_blocked, id=37340, stack(0x000000fb48f00000,0x000000fb49000000)]

Other Threads:
  0x000002697022b000 VMThread "VM Thread" [stack: 0x000000fb47800000,0x000000fb47900000] [id=6588]
  0x0000026970c62800 WatcherThread [stack: 0x000000fb48200000,0x000000fb48300000] [id=29412]
  0x0000026953406000 GCTaskThread "GC Thread#0" [stack: 0x000000fb47300000,0x000000fb47400000] [id=34904]
  0x0000026971dcf000 GCTaskThread "GC Thread#1" [stack: 0x000000fb48e00000,0x000000fb48f00000] [id=29012]
  0x0000026971e05000 GCTaskThread "GC Thread#2" [stack: 0x000000fb49400000,0x000000fb49500000] [id=37272]
  0x00000269720cb800 GCTaskThread "GC Thread#3" [stack: 0x000000fb49500000,0x000000fb49600000] [id=10280]
  0x0000026953438800 ConcurrentGCThread "G1 Main Marker" [stack: 0x000000fb47400000,0x000000fb47500000] [id=21004]
  0x000002695343a000 ConcurrentGCThread "G1 Conc#0" [stack: 0x000000fb47500000,0x000000fb47600000] [id=37312]
  0x0000026970097800 ConcurrentGCThread "G1 Refine#0" [stack: 0x000000fb47600000,0x000000fb47700000] [id=34944]
  0x0000026970098000 ConcurrentGCThread "G1 Young RemSet Sampling" [stack: 0x000000fb47700000,0x000000fb47800000] [id=23228]

Threads with active compile tasks:
C2 CompilerThread056416978 3257       4       java.util.concurrent.ScheduledThreadPoolExecutor$DelayedWorkQueue::add (9 bytes)

VM state:not at safepoint (normal execution)

VM Mutex/Monitor currently owned by a thread: None

Heap address: 0x0000000080000000, size: 2048 MB, Compressed Oops mode: 32-bit
Narrow klass base: 0x0000000000000000, Narrow klass shift: 3
Compressed class space size: 1073741824 Address: 0x0000000100000000

Heap:
 garbage-first heap   total 131072K, used 4445K [0x0000000080000000, 0x0000000100000000)
  region size 1024K, 2 young (2048K), 0 survivors (0K)
 Metaspace       used 16313K, capacity 16621K, committed 17408K, reserved 1064960K
  class space    used 1448K, capacity 1539K, committed 1792K, reserved 1048576K
Heap Regions: E=young(eden), S=young(survivor), O=old, HS=humongous(starts), HC=humongous(continues), CS=collection set, F=free, A=archive, TAMS=top-at-mark-start (previous, next)
|   0|0x0000000080000000, 0x00000000800ecbd0, 0x0000000080100000| 92%| O|  |TAMS 0x0000000080000000, 0x0000000080000000| Untracked 
|   1|0x0000000080100000, 0x00000000801fe370, 0x0000000080200000| 99%| O|  |TAMS 0x0000000080100000, 0x0000000080100000| Untracked 
|   2|0x0000000080200000, 0x00000000802fffe8, 0x0000000080300000| 99%| O|  |TAMS 0x0000000080200000, 0x0000000080200000| Untracked 
|   3|0x0000000080300000, 0x000000008036a548, 0x0000000080400000| 41%| O|  |TAMS 0x0000000080300000, 0x0000000080300000| Untracked 
|   4|0x0000000080400000, 0x0000000080400000, 0x0000000080500000|  0%| F|  |TAMS 0x0000000080400000, 0x0000000080400000| Untracked 
|   5|0x0000000080500000, 0x0000000080500000, 0x0000000080600000|  0%| F|  |TAMS 0x0000000080500000, 0x0000000080500000| Untracked 
|   6|0x0000000080600000, 0x0000000080600000, 0x0000000080700000|  0%| F|  |TAMS 0x0000000080600000, 0x0000000080600000| Untracked 
|   7|0x0000000080700000, 0x0000000080700000, 0x0000000080800000|  0%| F|  |TAMS 0x0000000080700000, 0x0000000080700000| Untracked 
|   8|0x0000000080800000, 0x0000000080800000, 0x0000000080900000|  0%| F|  |TAMS 0x0000000080800000, 0x0000000080800000| Untracked 
|   9|0x0000000080900000, 0x0000000080900000, 0x0000000080a00000|  0%| F|  |TAMS 0x0000000080900000, 0x0000000080900000| Untracked 
|  10|0x0000000080a00000, 0x0000000080a00000, 0x0000000080b00000|  0%| F|  |TAMS 0x0000000080a00000, 0x0000000080a00000| Untracked 
|  11|0x0000000080b00000, 0x0000000080b00000, 0x0000000080c00000|  0%| F|  |TAMS 0x0000000080b00000, 0x0000000080b00000| Untracked 
|  12|0x0000000080c00000, 0x0000000080c00000, 0x0000000080d00000|  0%| F|  |TAMS 0x0000000080c00000, 0x0000000080c00000| Untracked 
|  13|0x0000000080d00000, 0x0000000080d00000, 0x0000000080e00000|  0%| F|  |TAMS 0x0000000080d00000, 0x0000000080d00000| Untracked 
|  14|0x0000000080e00000, 0x0000000080e00000, 0x0000000080f00000|  0%| F|  |TAMS 0x0000000080e00000, 0x0000000080e00000| Untracked 
|  15|0x0000000080f00000, 0x0000000080f00000, 0x0000000081000000|  0%| F|  |TAMS 0x0000000080f00000, 0x0000000080f00000| Untracked 
|  16|0x0000000081000000, 0x0000000081000000, 0x0000000081100000|  0%| F|  |TAMS 0x0000000081000000, 0x0000000081000000| Untracked 
|  17|0x0000000081100000, 0x0000000081100000, 0x0000000081200000|  0%| F|  |TAMS 0x0000000081100000, 0x0000000081100000| Untracked 
|  18|0x0000000081200000, 0x0000000081200000, 0x0000000081300000|  0%| F|  |TAMS 0x0000000081200000, 0x0000000081200000| Untracked 
|  19|0x0000000081300000, 0x0000000081300000, 0x0000000081400000|  0%| F|  |TAMS 0x0000000081300000, 0x0000000081300000| Untracked 
|  20|0x0000000081400000, 0x0000000081400000, 0x0000000081500000|  0%| F|  |TAMS 0x0000000081400000, 0x0000000081400000| Untracked 
|  21|0x0000000081500000, 0x0000000081500000, 0x0000000081600000|  0%| F|  |TAMS 0x0000000081500000, 0x0000000081500000| Untracked 
|  22|0x0000000081600000, 0x0000000081600000, 0x0000000081700000|  0%| F|  |TAMS 0x0000000081600000, 0x0000000081600000| Untracked 
|  23|0x0000000081700000, 0x0000000081700000, 0x0000000081800000|  0%| F|  |TAMS 0x0000000081700000, 0x0000000081700000| Untracked 
|  24|0x0000000081800000, 0x0000000081800000, 0x0000000081900000|  0%| F|  |TAMS 0x0000000081800000, 0x0000000081800000| Untracked 
|  25|0x0000000081900000, 0x0000000081900000, 0x0000000081a00000|  0%| F|  |TAMS 0x0000000081900000, 0x0000000081900000| Untracked 
|  26|0x0000000081a00000, 0x0000000081a00000, 0x0000000081b00000|  0%| F|  |TAMS 0x0000000081a00000, 0x0000000081a00000| Untracked 
|  27|0x0000000081b00000, 0x0000000081b00000, 0x0000000081c00000|  0%| F|  |TAMS 0x0000000081b00000, 0x0000000081b00000| Untracked 
|  28|0x0000000081c00000, 0x0000000081c00000, 0x0000000081d00000|  0%| F|  |TAMS 0x0000000081c00000, 0x0000000081c00000| Untracked 
|  29|0x0000000081d00000, 0x0000000081d00000, 0x0000000081e00000|  0%| F|  |TAMS 0x0000000081d00000, 0x0000000081d00000| Untracked 
|  30|0x0000000081e00000, 0x0000000081e00000, 0x0000000081f00000|  0%| F|  |TAMS 0x0000000081e00000, 0x0000000081e00000| Untracked 
|  31|0x0000000081f00000, 0x0000000081f00000, 0x0000000082000000|  0%| F|  |TAMS 0x0000000081f00000, 0x0000000081f00000| Untracked 
|  32|0x0000000082000000, 0x0000000082000000, 0x0000000082100000|  0%| F|  |TAMS 0x0000000082000000, 0x0000000082000000| Untracked 
|  33|0x0000000082100000, 0x0000000082100000, 0x0000000082200000|  0%| F|  |TAMS 0x0000000082100000, 0x0000000082100000| Untracked 
|  34|0x0000000082200000, 0x0000000082200000, 0x0000000082300000|  0%| F|  |TAMS 0x0000000082200000, 0x0000000082200000| Untracked 
|  35|0x0000000082300000, 0x0000000082300000, 0x0000000082400000|  0%| F|  |TAMS 0x0000000082300000, 0x0000000082300000| Untracked 
|  36|0x0000000082400000, 0x0000000082400000, 0x0000000082500000|  0%| F|  |TAMS 0x0000000082400000, 0x0000000082400000| Untracked 
|  37|0x0000000082500000, 0x0000000082500000, 0x0000000082600000|  0%| F|  |TAMS 0x0000000082500000, 0x0000000082500000| Untracked 
|  38|0x0000000082600000, 0x0000000082602080, 0x0000000082700000|  0%| O|  |TAMS 0x0000000082600000, 0x0000000082600000| Untracked 
|  39|0x0000000082700000, 0x0000000082700000, 0x0000000082800000|  0%| F|  |TAMS 0x0000000082700000, 0x0000000082700000| Untracked 
|  40|0x0000000082800000, 0x0000000082800000, 0x0000000082900000|  0%| F|  |TAMS 0x0000000082800000, 0x0000000082800000| Untracked 
|  41|0x0000000082900000, 0x0000000082900000, 0x0000000082a00000|  0%| F|  |TAMS 0x0000000082900000, 0x0000000082900000| Untracked 
|  42|0x0000000082a00000, 0x0000000082a00000, 0x0000000082b00000|  0%| F|  |TAMS 0x0000000082a00000, 0x0000000082a00000| Untracked 
|  43|0x0000000082b00000, 0x0000000082b00000, 0x0000000082c00000|  0%| F|  |TAMS 0x0000000082b00000, 0x0000000082b00000| Untracked 
|  44|0x0000000082c00000, 0x0000000082c00000, 0x0000000082d00000|  0%| F|  |TAMS 0x0000000082c00000, 0x0000000082c00000| Untracked 
|  45|0x0000000082d00000, 0x0000000082d00000, 0x0000000082e00000|  0%| F|  |TAMS 0x0000000082d00000, 0x0000000082d00000| Untracked 
|  46|0x0000000082e00000, 0x0000000082e00000, 0x0000000082f00000|  0%| F|  |TAMS 0x0000000082e00000, 0x0000000082e00000| Untracked 
|  47|0x0000000082f00000, 0x0000000082f00000, 0x0000000083000000|  0%| F|  |TAMS 0x0000000082f00000, 0x0000000082f00000| Untracked 
|  48|0x0000000083000000, 0x0000000083000000, 0x0000000083100000|  0%| F|  |TAMS 0x0000000083000000, 0x0000000083000000| Untracked 
|  49|0x0000000083100000, 0x0000000083100000, 0x0000000083200000|  0%| F|  |TAMS 0x0000000083100000, 0x0000000083100000| Untracked 
|  50|0x0000000083200000, 0x0000000083200000, 0x0000000083300000|  0%| F|  |TAMS 0x0000000083200000, 0x0000000083200000| Untracked 
|  51|0x0000000083300000, 0x0000000083300000, 0x0000000083400000|  0%| F|  |TAMS 0x0000000083300000, 0x0000000083300000| Untracked 
|  52|0x0000000083400000, 0x0000000083400000, 0x0000000083500000|  0%| F|  |TAMS 0x0000000083400000, 0x0000000083400000| Untracked 
|  53|0x0000000083500000, 0x0000000083500000, 0x0000000083600000|  0%| F|  |TAMS 0x0000000083500000, 0x0000000083500000| Untracked 
|  54|0x0000000083600000, 0x0000000083600000, 0x0000000083700000|  0%| F|  |TAMS 0x0000000083600000, 0x0000000083600000| Untracked 
|  55|0x0000000083700000, 0x0000000083700000, 0x0000000083800000|  0%| F|  |TAMS 0x0000000083700000, 0x0000000083700000| Untracked 
|  56|0x0000000083800000, 0x0000000083800000, 0x0000000083900000|  0%| F|  |TAMS 0x0000000083800000, 0x0000000083800000| Untracked 
|  57|0x0000000083900000, 0x0000000083900000, 0x0000000083a00000|  0%| F|  |TAMS 0x0000000083900000, 0x0000000083900000| Untracked 
|  58|0x0000000083a00000, 0x0000000083a00000, 0x0000000083b00000|  0%| F|  |TAMS 0x0000000083a00000, 0x0000000083a00000| Untracked 
|  59|0x0000000083b00000, 0x0000000083b00000, 0x0000000083c00000|  0%| F|  |TAMS 0x0000000083b00000, 0x0000000083b00000| Untracked 
|  60|0x0000000083c00000, 0x0000000083c00000, 0x0000000083d00000|  0%| F|  |TAMS 0x0000000083c00000, 0x0000000083c00000| Untracked 
|  61|0x0000000083d00000, 0x0000000083d00000, 0x0000000083e00000|  0%| F|  |TAMS 0x0000000083d00000, 0x0000000083d00000| Untracked 
|  62|0x0000000083e00000, 0x0000000083e00000, 0x0000000083f00000|  0%| F|  |TAMS 0x0000000083e00000, 0x0000000083e00000| Untracked 
|  63|0x0000000083f00000, 0x0000000083f00000, 0x0000000084000000|  0%| F|  |TAMS 0x0000000083f00000, 0x0000000083f00000| Untracked 
|  64|0x0000000084000000, 0x0000000084000000, 0x0000000084100000|  0%| F|  |TAMS 0x0000000084000000, 0x0000000084000000| Untracked 
|  65|0x0000000084100000, 0x0000000084100000, 0x0000000084200000|  0%| F|  |TAMS 0x0000000084100000, 0x0000000084100000| Untracked 
|  66|0x0000000084200000, 0x0000000084200000, 0x0000000084300000|  0%| F|  |TAMS 0x0000000084200000, 0x0000000084200000| Untracked 
|  67|0x0000000084300000, 0x0000000084300000, 0x0000000084400000|  0%| F|  |TAMS 0x0000000084300000, 0x0000000084300000| Untracked 
|  68|0x0000000084400000, 0x0000000084400000, 0x0000000084500000|  0%| F|  |TAMS 0x0000000084400000, 0x0000000084400000| Untracked 
|  69|0x0000000084500000, 0x0000000084500000, 0x0000000084600000|  0%| F|  |TAMS 0x0000000084500000, 0x0000000084500000| Untracked 
|  70|0x0000000084600000, 0x0000000084600000, 0x0000000084700000|  0%| F|  |TAMS 0x0000000084600000, 0x0000000084600000| Untracked 
|  71|0x0000000084700000, 0x0000000084700000, 0x0000000084800000|  0%| F|  |TAMS 0x0000000084700000, 0x0000000084700000| Untracked 
|  72|0x0000000084800000, 0x0000000084800000, 0x0000000084900000|  0%| F|  |TAMS 0x0000000084800000, 0x0000000084800000| Untracked 
|  73|0x0000000084900000, 0x0000000084900000, 0x0000000084a00000|  0%| F|  |TAMS 0x0000000084900000, 0x0000000084900000| Untracked 
|  74|0x0000000084a00000, 0x0000000084a00000, 0x0000000084b00000|  0%| F|  |TAMS 0x0000000084a00000, 0x0000000084a00000| Untracked 
|  75|0x0000000084b00000, 0x0000000084b00000, 0x0000000084c00000|  0%| F|  |TAMS 0x0000000084b00000, 0x0000000084b00000| Untracked 
|  76|0x0000000084c00000, 0x0000000084c00000, 0x0000000084d00000|  0%| F|  |TAMS 0x0000000084c00000, 0x0000000084c00000| Untracked 
|  77|0x0000000084d00000, 0x0000000084d00000, 0x0000000084e00000|  0%| F|  |TAMS 0x0000000084d00000, 0x0000000084d00000| Untracked 
|  78|0x0000000084e00000, 0x0000000084e00000, 0x0000000084f00000|  0%| F|  |TAMS 0x0000000084e00000, 0x0000000084e00000| Untracked 
|  79|0x0000000084f00000, 0x0000000084f00000, 0x0000000085000000|  0%| F|  |TAMS 0x0000000084f00000, 0x0000000084f00000| Untracked 
|  80|0x0000000085000000, 0x0000000085000000, 0x0000000085100000|  0%| F|  |TAMS 0x0000000085000000, 0x0000000085000000| Untracked 
|  81|0x0000000085100000, 0x0000000085100000, 0x0000000085200000|  0%| F|  |TAMS 0x0000000085100000, 0x0000000085100000| Untracked 
|  82|0x0000000085200000, 0x0000000085200000, 0x0000000085300000|  0%| F|  |TAMS 0x0000000085200000, 0x0000000085200000| Untracked 
|  83|0x0000000085300000, 0x0000000085300000, 0x0000000085400000|  0%| F|  |TAMS 0x0000000085300000, 0x0000000085300000| Untracked 
|  84|0x0000000085400000, 0x0000000085400000, 0x0000000085500000|  0%| F|  |TAMS 0x0000000085400000, 0x0000000085400000| Untracked 
|  85|0x0000000085500000, 0x0000000085500000, 0x0000000085600000|  0%| F|  |TAMS 0x0000000085500000, 0x0000000085500000| Untracked 
|  86|0x0000000085600000, 0x0000000085600000, 0x0000000085700000|  0%| F|  |TAMS 0x0000000085600000, 0x0000000085600000| Untracked 
|  87|0x0000000085700000, 0x0000000085700000, 0x0000000085800000|  0%| F|  |TAMS 0x0000000085700000, 0x0000000085700000| Untracked 
|  88|0x0000000085800000, 0x0000000085800000, 0x0000000085900000|  0%| F|  |TAMS 0x0000000085800000, 0x0000000085800000| Untracked 
|  89|0x0000000085900000, 0x0000000085900000, 0x0000000085a00000|  0%| F|  |TAMS 0x0000000085900000, 0x0000000085900000| Untracked 
|  90|0x0000000085a00000, 0x0000000085a00000, 0x0000000085b00000|  0%| F|  |TAMS 0x0000000085a00000, 0x0000000085a00000| Untracked 
|  91|0x0000000085b00000, 0x0000000085b00000, 0x0000000085c00000|  0%| F|  |TAMS 0x0000000085b00000, 0x0000000085b00000| Untracked 
|  92|0x0000000085c00000, 0x0000000085c00000, 0x0000000085d00000|  0%| F|  |TAMS 0x0000000085c00000, 0x0000000085c00000| Untracked 
|  93|0x0000000085d00000, 0x0000000085d00000, 0x0000000085e00000|  0%| F|  |TAMS 0x0000000085d00000, 0x0000000085d00000| Untracked 
|  94|0x0000000085e00000, 0x0000000085e00000, 0x0000000085f00000|  0%| F|  |TAMS 0x0000000085e00000, 0x0000000085e00000| Untracked 
|  95|0x0000000085f00000, 0x0000000085f00000, 0x0000000086000000|  0%| F|  |TAMS 0x0000000085f00000, 0x0000000085f00000| Untracked 
|  96|0x0000000086000000, 0x0000000086000000, 0x0000000086100000|  0%| F|  |TAMS 0x0000000086000000, 0x0000000086000000| Untracked 
|  97|0x0000000086100000, 0x0000000086100000, 0x0000000086200000|  0%| F|  |TAMS 0x0000000086100000, 0x0000000086100000| Untracked 
|  98|0x0000000086200000, 0x0000000086200000, 0x0000000086300000|  0%| F|  |TAMS 0x0000000086200000, 0x0000000086200000| Untracked 
|  99|0x0000000086300000, 0x0000000086300000, 0x0000000086400000|  0%| F|  |TAMS 0x0000000086300000, 0x0000000086300000| Untracked 
| 100|0x0000000086400000, 0x0000000086400000, 0x0000000086500000|  0%| F|  |TAMS 0x0000000086400000, 0x0000000086400000| Untracked 
| 101|0x0000000086500000, 0x0000000086500000, 0x0000000086600000|  0%| F|  |TAMS 0x0000000086500000, 0x0000000086500000| Untracked 
| 102|0x0000000086600000, 0x0000000086600000, 0x0000000086700000|  0%| F|  |TAMS 0x0000000086600000, 0x0000000086600000| Untracked 
| 103|0x0000000086700000, 0x0000000086700000, 0x0000000086800000|  0%| F|  |TAMS 0x0000000086700000, 0x0000000086700000| Untracked 
| 104|0x0000000086800000, 0x0000000086800000, 0x0000000086900000|  0%| F|  |TAMS 0x0000000086800000, 0x0000000086800000| Untracked 
| 105|0x0000000086900000, 0x0000000086900000, 0x0000000086a00000|  0%| F|  |TAMS 0x0000000086900000, 0x0000000086900000| Untracked 
| 106|0x0000000086a00000, 0x0000000086a00000, 0x0000000086b00000|  0%| F|  |TAMS 0x0000000086a00000, 0x0000000086a00000| Untracked 
| 107|0x0000000086b00000, 0x0000000086b00000, 0x0000000086c00000|  0%| F|  |TAMS 0x0000000086b00000, 0x0000000086b00000| Untracked 
| 108|0x0000000086c00000, 0x0000000086c00000, 0x0000000086d00000|  0%| F|  |TAMS 0x0000000086c00000, 0x0000000086c00000| Untracked 
| 109|0x0000000086d00000, 0x0000000086d00000, 0x0000000086e00000|  0%| F|  |TAMS 0x0000000086d00000, 0x0000000086d00000| Untracked 
| 110|0x0000000086e00000, 0x0000000086e00000, 0x0000000086f00000|  0%| F|  |TAMS 0x0000000086e00000, 0x0000000086e00000| Untracked 
| 111|0x0000000086f00000, 0x0000000086f00000, 0x0000000087000000|  0%| F|  |TAMS 0x0000000086f00000, 0x0000000086f00000| Untracked 
| 112|0x0000000087000000, 0x0000000087000000, 0x0000000087100000|  0%| F|  |TAMS 0x0000000087000000, 0x0000000087000000| Untracked 
| 113|0x0000000087100000, 0x0000000087100000, 0x0000000087200000|  0%| F|  |TAMS 0x0000000087100000, 0x0000000087100000| Untracked 
| 114|0x0000000087200000, 0x0000000087200000, 0x0000000087300000|  0%| F|  |TAMS 0x0000000087200000, 0x0000000087200000| Untracked 
| 115|0x0000000087300000, 0x0000000087300000, 0x0000000087400000|  0%| F|  |TAMS 0x0000000087300000, 0x0000000087300000| Untracked 
| 116|0x0000000087400000, 0x0000000087400000, 0x0000000087500000|  0%| F|  |TAMS 0x0000000087400000, 0x0000000087400000| Untracked 
| 117|0x0000000087500000, 0x0000000087500000, 0x0000000087600000|  0%| F|  |TAMS 0x0000000087500000, 0x0000000087500000| Untracked 
| 118|0x0000000087600000, 0x0000000087600000, 0x0000000087700000|  0%| F|  |TAMS 0x0000000087600000, 0x0000000087600000| Untracked 
| 119|0x0000000087700000, 0x0000000087700000, 0x0000000087800000|  0%| F|  |TAMS 0x0000000087700000, 0x0000000087700000| Untracked 
| 120|0x0000000087800000, 0x0000000087800000, 0x0000000087900000|  0%| F|  |TAMS 0x0000000087800000, 0x0000000087800000| Untracked 
| 121|0x0000000087900000, 0x0000000087900000, 0x0000000087a00000|  0%| F|  |TAMS 0x0000000087900000, 0x0000000087900000| Untracked 
| 122|0x0000000087a00000, 0x0000000087a00000, 0x0000000087b00000|  0%| F|  |TAMS 0x0000000087a00000, 0x0000000087a00000| Untracked 
| 123|0x0000000087b00000, 0x0000000087b00000, 0x0000000087c00000|  0%| F|  |TAMS 0x0000000087b00000, 0x0000000087b00000| Untracked 
| 124|0x0000000087c00000, 0x0000000087c00000, 0x0000000087d00000|  0%| F|  |TAMS 0x0000000087c00000, 0x0000000087c00000| Untracked 
| 125|0x0000000087d00000, 0x0000000087d00000, 0x0000000087e00000|  0%| F|  |TAMS 0x0000000087d00000, 0x0000000087d00000| Untracked 
| 126|0x0000000087e00000, 0x0000000087e4a6c8, 0x0000000087f00000| 29%| E|  |TAMS 0x0000000087e00000, 0x0000000087e00000| Complete 
| 127|0x0000000087f00000, 0x0000000088000000, 0x0000000088000000|100%| E|CS|TAMS 0x0000000087f00000, 0x0000000087f00000| Complete 

Card table byte_map: [0x0000026967e60000,0x0000026968260000] _byte_map_base: 0x0000026967a60000

Marking Bits (Prev, Next): (CMBitMap*) 0x000002695342fe68, (CMBitMap*) 0x000002695342fea0
 Prev Bits: [0x0000026968660000, 0x000002696a660000)
 Next Bits: [0x000002696a660000, 0x000002696c660000)

Polling page: 0x0000026951b20000

Metaspace:

Usage:
  Non-class:     14.73 MB capacity,    14.52 MB ( 99%) used,   188.14 KB (  1%) free+waste,    28.19 KB ( <1%) overhead. 
      Class:      1.50 MB capacity,     1.41 MB ( 94%) used,    79.39 KB (  5%) free+waste,    11.44 KB ( <1%) overhead. 
       Both:     16.23 MB capacity,    15.93 MB ( 98%) used,   267.53 KB (  2%) free+waste,    39.63 KB ( <1%) overhead. 

Virtual space:
  Non-class space:       16.00 MB reserved,      15.25 MB ( 95%) committed 
      Class space:        1.00 GB reserved,       1.75 MB ( <1%) committed 
             Both:        1.02 GB reserved,      17.00 MB (  2%) committed 

Chunk freelists:
   Non-Class:  406.00 KB
       Class:  148.00 KB
        Both:  554.00 KB

MaxMetaspaceSize: 17179869184.00 GB
CompressedClassSpaceSize: 1.00 GB

CodeHeap 'non-profiled nmethods': size=118912Kb used=1800Kb max_used=1808Kb free=117111Kb
 bounds [0x000002695ebe0000, 0x000002695ee50000, 0x0000026966000000]
CodeHeap 'profiled nmethods': size=118848Kb used=6055Kb max_used=6180Kb free=112792Kb
 bounds [0x00000269577d0000, 0x0000026957e00000, 0x000002695ebe0000]
CodeHeap 'non-nmethods': size=8000Kb used=1130Kb max_used=3437Kb free=6869Kb
 bounds [0x0000026957000000, 0x0000026957370000, 0x00000269577d0000]
 total_blobs=3199 nmethods=2743 adapters=367
 compilation: enabled
              stopped_count=0, restarted_count=0
 full_count=0

Compilation events (20 events):
Event: 51080.215 Thread 0x0000026970aaf800 nmethod 3247 0x000002695ed8b690 code [0x000002695ed8b840, 0x000002695ed8be38]
Event: 51795.441 Thread 0x0000026970aaf800 3248       4       java.util.concurrent.locks.AbstractQueuedSynchronizer$ConditionObject::awaitNanos (181 bytes)
Event: 51795.455 Thread 0x0000026970aaf800 nmethod 3248 0x000002695ed89890 code [0x000002695ed89ac0, 0x000002695ed8acb0]
Event: 52360.645 Thread 0x0000026970aaf800 3249       4       java.lang.ref.Cleaner$1::apply (9 bytes)
Event: 52360.646 Thread 0x0000026970aaf800 nmethod 3249 0x000002695ed89590 code [0x000002695ed89720, 0x000002695ed897b8]
Event: 52540.730 Thread 0x0000026970aaf800 3250  s    4       java.util.Hashtable::get (69 bytes)
Event: 52540.742 Thread 0x0000026970aaf800 nmethod 3250 0x000002695ed9dc90 code [0x000002695ed9de80, 0x000002695ed9eaf8]
Event: 52975.887 Thread 0x0000026970aaf800 3251   !   4       java.util.concurrent.ThreadPoolExecutor::getTask (177 bytes)
Event: 52975.910 Thread 0x0000026970aaf800 nmethod 3251 0x000002695eda0d10 code [0x000002695eda0fe0, 0x000002695eda2cf0]
Event: 53015.913 Thread 0x0000026970aaf800 3252       4       java.util.concurrent.ThreadPoolExecutor$Worker::lock (6 bytes)
Event: 53015.914 Thread 0x0000026970aaf800 nmethod 3252 0x000002695ed89110 code [0x000002695ed892a0, 0x000002695ed893f8]
Event: 54187.090 Thread 0x0000026970abe800 3253       3       java.util.concurrent.atomic.AtomicInteger::compareAndSet (13 bytes)
Event: 54187.090 Thread 0x0000026970abe800 nmethod 3253 0x00000269577d9090 code [0x00000269577d9240, 0x00000269577d9358]
Event: 55387.141 Thread 0x0000026970aaf800 3254       4       java.util.concurrent.ThreadPoolExecutor::workerCountOf (5 bytes)
Event: 55387.141 Thread 0x0000026970aaf800 nmethod 3254 0x000002695ed9da10 code [0x000002695ed9dba0, 0x000002695ed9dbf8]
Event: 55622.013 Thread 0x0000026970aaf800 3255       4       java.util.ImmutableCollections$ListItr::hasNext (17 bytes)
Event: 55622.013 Thread 0x0000026970aaf800 nmethod 3255 0x000002695ed9d790 code [0x000002695ed9d920, 0x000002695ed9d998]
Event: 55912.140 Thread 0x0000026970abe800 3256       3       java.util.HashSet::size (8 bytes)
Event: 55912.140 Thread 0x0000026970abe800 nmethod 3256 0x0000026957803910 code [0x0000026957803ac0, 0x0000026957803c58]
Event: 56416.956 Thread 0x0000026970aaf800 3257       4       java.util.concurrent.ScheduledThreadPoolExecutor$DelayedWorkQueue::add (9 bytes)

GC Heap History (20 events):
Event: 23548.388 GC heap before
{Heap before GC invocations=8 (full 5):
 garbage-first heap   total 131072K, used 10652K [0x0000000080000000, 0x0000000100000000)
  region size 1024K, 8 young (8192K), 0 survivors (0K)
 Metaspace       used 16301K, capacity 16627K, committed 17408K, reserved 1064960K
  class space    used 1448K, capacity 1540K, committed 1792K, reserved 1048576K
}
Event: 23548.396 GC heap after
{Heap after GC invocations=9 (full 6):
 garbage-first heap   total 131072K, used 3403K [0x0000000080000000, 0x0000000100000000)
  region size 1024K, 0 young (0K), 0 survivors (0K)
 Metaspace       used 16297K, capacity 16621K, committed 17408K, reserved 1064960K
  class space    used 1448K, capacity 1539K, committed 1792K, reserved 1048576K
}
Event: 27148.397 GC heap before
{Heap before GC invocations=9 (full 6):
 garbage-first heap   total 131072K, used 9547K [0x0000000080000000, 0x0000000100000000)
  region size 1024K, 7 young (7168K), 0 survivors (0K)
 Metaspace       used 16301K, capacity 16621K, committed 17408K, reserved 1064960K
  class space    used 1448K, capacity 1539K, committed 1792K, reserved 1048576K
}
Event: 27148.404 GC heap after
{Heap after GC invocations=10 (full 7):
 garbage-first heap   total 131072K, used 3403K [0x0000000080000000, 0x0000000100000000)
  region size 1024K, 0 young (0K), 0 survivors (0K)
 Metaspace       used 16301K, capacity 16621K, committed 17408K, reserved 1064960K
  class space    used 1448K, capacity 1539K, committed 1792K, reserved 1048576K
}
Event: 30748.418 GC heap before
{Heap before GC invocations=10 (full 7):
 garbage-first heap   total 131072K, used 9547K [0x0000000080000000, 0x0000000100000000)
  region size 1024K, 7 young (7168K), 0 survivors (0K)
 Metaspace       used 16310K, capacity 16621K, committed 17408K, reserved 1064960K
  class space    used 1448K, capacity 1539K, committed 1792K, reserved 1048576K
}
Event: 30748.424 GC heap after
{Heap after GC invocations=11 (full 8):
 garbage-first heap   total 131072K, used 3403K [0x0000000080000000, 0x0000000100000000)
  region size 1024K, 0 young (0K), 0 survivors (0K)
 Metaspace       used 16310K, capacity 16621K, committed 17408K, reserved 1064960K
  class space    used 1448K, capacity 1539K, committed 1792K, reserved 1048576K
}
Event: 34348.427 GC heap before
{Heap before GC invocations=11 (full 8):
 garbage-first heap   total 131072K, used 9547K [0x0000000080000000, 0x0000000100000000)
  region size 1024K, 7 young (7168K), 0 survivors (0K)
 Metaspace       used 16312K, capacity 16621K, committed 17408K, reserved 1064960K
  class space    used 1448K, capacity 1539K, committed 1792K, reserved 1048576K
}
Event: 34348.434 GC heap after
{Heap after GC invocations=12 (full 9):
 garbage-first heap   total 131072K, used 3420K [0x0000000080000000, 0x0000000100000000)
  region size 1024K, 0 young (0K), 0 survivors (0K)
 Metaspace       used 16312K, capacity 16621K, committed 17408K, reserved 1064960K
  class space    used 1448K, capacity 1539K, committed 1792K, reserved 1048576K
}
Event: 37948.441 GC heap before
{Heap before GC invocations=12 (full 9):
 garbage-first heap   total 131072K, used 9564K [0x0000000080000000, 0x0000000100000000)
  region size 1024K, 7 young (7168K), 0 survivors (0K)
 Metaspace       used 16312K, capacity 16621K, committed 17408K, reserved 1064960K
  class space    used 1448K, capacity 1539K, committed 1792K, reserved 1048576K
}
Event: 37948.447 GC heap after
{Heap after GC invocations=13 (full 10):
 garbage-first heap   total 131072K, used 3420K [0x0000000080000000, 0x0000000100000000)
  region size 1024K, 0 young (0K), 0 survivors (0K)
 Metaspace       used 16312K, capacity 16621K, committed 17408K, reserved 1064960K
  class space    used 1448K, capacity 1539K, committed 1792K, reserved 1048576K
}
Event: 41548.454 GC heap before
{Heap before GC invocations=13 (full 10):
 garbage-first heap   total 131072K, used 9564K [0x0000000080000000, 0x0000000100000000)
  region size 1024K, 7 young (7168K), 0 survivors (0K)
 Metaspace       used 16313K, capacity 16621K, committed 17408K, reserved 1064960K
  class space    used 1448K, capacity 1539K, committed 1792K, reserved 1048576K
}
Event: 41548.459 GC heap after
{Heap after GC invocations=14 (full 11):
 garbage-first heap   total 131072K, used 3420K [0x0000000080000000, 0x0000000100000000)
  region size 1024K, 0 young (0K), 0 survivors (0K)
 Metaspace       used 16313K, capacity 16621K, committed 17408K, reserved 1064960K
  class space    used 1448K, capacity 1539K, committed 1792K, reserved 1048576K
}
Event: 45148.469 GC heap before
{Heap before GC invocations=14 (full 11):
 garbage-first heap   total 131072K, used 9564K [0x0000000080000000, 0x0000000100000000)
  region size 1024K, 7 young (7168K), 0 survivors (0K)
 Metaspace       used 16313K, capacity 16621K, committed 17408K, reserved 1064960K
  class space    used 1448K, capacity 1539K, committed 1792K, reserved 1048576K
}
Event: 45148.476 GC heap after
{Heap after GC invocations=15 (full 12):
 garbage-first heap   total 131072K, used 3420K [0x0000000080000000, 0x0000000100000000)
  region size 1024K, 0 young (0K), 0 survivors (0K)
 Metaspace       used 16313K, capacity 16621K, committed 17408K, reserved 1064960K
  class space    used 1448K, capacity 1539K, committed 1792K, reserved 1048576K
}
Event: 48748.476 GC heap before
{Heap before GC invocations=15 (full 12):
 garbage-first heap   total 131072K, used 9564K [0x0000000080000000, 0x0000000100000000)
  region size 1024K, 7 young (7168K), 0 survivors (0K)
 Metaspace       used 16313K, capacity 16621K, committed 17408K, reserved 1064960K
  class space    used 1448K, capacity 1539K, committed 1792K, reserved 1048576K
}
Event: 48748.482 GC heap after
{Heap after GC invocations=16 (full 13):
 garbage-first heap   total 131072K, used 3420K [0x0000000080000000, 0x0000000100000000)
  region size 1024K, 0 young (0K), 0 survivors (0K)
 Metaspace       used 16313K, capacity 16621K, committed 17408K, reserved 1064960K
  class space    used 1448K, capacity 1539K, committed 1792K, reserved 1048576K
}
Event: 52348.489 GC heap before
{Heap before GC invocations=16 (full 13):
 garbage-first heap   total 131072K, used 9564K [0x0000000080000000, 0x0000000100000000)
  region size 1024K, 7 young (7168K), 0 survivors (0K)
 Metaspace       used 16313K, capacity 16621K, committed 17408K, reserved 1064960K
  class space    used 1448K, capacity 1539K, committed 1792K, reserved 1048576K
}
Event: 52348.494 GC heap after
{Heap after GC invocations=17 (full 14):
 garbage-first heap   total 131072K, used 3421K [0x0000000080000000, 0x0000000100000000)
  region size 1024K, 0 young (0K), 0 survivors (0K)
 Metaspace       used 16313K, capacity 16621K, committed 17408K, reserved 1064960K
  class space    used 1448K, capacity 1539K, committed 1792K, reserved 1048576K
}
Event: 55948.504 GC heap before
{Heap before GC invocations=17 (full 14):
 garbage-first heap   total 131072K, used 9565K [0x0000000080000000, 0x0000000100000000)
  region size 1024K, 7 young (7168K), 0 survivors (0K)
 Metaspace       used 16313K, capacity 16621K, committed 17408K, reserved 1064960K
  class space    used 1448K, capacity 1539K, committed 1792K, reserved 1048576K
}
Event: 55948.510 GC heap after
{Heap after GC invocations=18 (full 15):
 garbage-first heap   total 131072K, used 3421K [0x0000000080000000, 0x0000000100000000)
  region size 1024K, 0 young (0K), 0 survivors (0K)
 Metaspace       used 16313K, capacity 16621K, committed 17408K, reserved 1064960K
  class space    used 1448K, capacity 1539K, committed 1792K, reserved 1048576K
}

Deoptimization events (20 events):
Event: 13865.963 Thread 0x0000026970ac1800 Uncommon trap: trap_request=0xffffff7e fr.pc=0x000002695ed9d288 relative=0x0000000000001288
Event: 13865.963 Thread 0x0000026970ac1800 Uncommon trap: reason=predicate action=maybe_recompile pc=0x000002695ed9d288 method=java.io.ObjectInputStream.readArray(Z)Ljava/lang/Object; @ 378 c2
Event: 13865.963 Thread 0x0000026970ac1800 DEOPT PACKING pc=0x000002695ed9d288 sp=0x000000fb48bfb830
Event: 13865.963 Thread 0x0000026970ac1800 DEOPT UNPACKING pc=0x00000269570274af sp=0x000000fb48bfb7c0 mode 2
Event: 16010.975 Thread 0x0000026970ac1000 Uncommon trap: trap_request=0xffffffde fr.pc=0x000002695eda1fd0 relative=0x0000000000000fd0
Event: 16010.975 Thread 0x0000026970ac1000 Uncommon trap: reason=class_check action=maybe_recompile pc=0x000002695eda1fd0 method=java.lang.reflect.Array.newInstance(Ljava/lang/Class;I)Ljava/lang/Object; @ 2 c2
Event: 16010.975 Thread 0x0000026970ac1000 DEOPT PACKING pc=0x000002695eda1fd0 sp=0x000000fb46ffb8d0
Event: 16010.975 Thread 0x0000026970ac1000 DEOPT UNPACKING pc=0x00000269570274af sp=0x000000fb46ffb7f8 mode 2
Event: 16200.854 Thread 0x0000026971259000 Uncommon trap: trap_request=0xffffffde fr.pc=0x000002695eda1fd0 relative=0x0000000000000fd0
Event: 16200.854 Thread 0x0000026971259000 Uncommon trap: reason=class_check action=maybe_recompile pc=0x000002695eda1fd0 method=java.lang.reflect.Array.newInstance(Ljava/lang/Class;I)Ljava/lang/Object; @ 2 c2
Event: 16200.854 Thread 0x0000026971259000 DEOPT PACKING pc=0x000002695eda1fd0 sp=0x000000fb48ffd0c0
Event: 16200.854 Thread 0x0000026971259000 DEOPT UNPACKING pc=0x00000269570274af sp=0x000000fb48ffcfe8 mode 2
Event: 16310.986 Thread 0x0000026970ac2800 Uncommon trap: trap_request=0xffffffde fr.pc=0x000002695eda1fd0 relative=0x0000000000000fd0
Event: 16310.986 Thread 0x0000026970ac2800 Uncommon trap: reason=class_check action=maybe_recompile pc=0x000002695eda1fd0 method=java.lang.reflect.Array.newInstance(Ljava/lang/Class;I)Ljava/lang/Object; @ 2 c2
Event: 16310.986 Thread 0x0000026970ac2800 DEOPT PACKING pc=0x000002695eda1fd0 sp=0x000000fb46ffb4f0
Event: 16310.986 Thread 0x0000026970ac2800 DEOPT UNPACKING pc=0x00000269570274af sp=0x000000fb46ffb418 mode 2
Event: 16500.865 Thread 0x0000026971259000 Uncommon trap: trap_request=0xffffffde fr.pc=0x000002695eda1fd0 relative=0x0000000000000fd0
Event: 16500.865 Thread 0x0000026971259000 Uncommon trap: reason=class_check action=maybe_recompile pc=0x000002695eda1fd0 method=java.lang.reflect.Array.newInstance(Ljava/lang/Class;I)Ljava/lang/Object; @ 2 c2
Event: 16500.865 Thread 0x0000026971259000 DEOPT PACKING pc=0x000002695eda1fd0 sp=0x000000fb48ffd0c0
Event: 16500.865 Thread 0x0000026971259000 DEOPT UNPACKING pc=0x00000269570274af sp=0x000000fb48ffcfe8 mode 2

Classes redefined (0 events):
No events

Internal exceptions (20 events):
Event: 5552.523 Thread 0x0000026970ac0000 Implicit null exception at 0x000002695ec8d25c to 0x000002695ec8d468
Event: 5552.530 Thread 0x0000026970ac0000 Exception <a 'java/lang/NoSuchMethodError'{0x0000000087bcdb40}: <clinit>> (0x0000000087bcdb40) thrown at [./src/hotspot/share/prims/jni.cpp, line 1362]
Event: 13833.766 Thread 0x0000026970ac2800 Implicit null exception at 0x000002695eceee91 to 0x000002695ecf1198
Event: 13833.766 Thread 0x0000026970ac2800 Implicit null exception at 0x000002695ece9464 to 0x000002695ece9cf0
Event: 13833.767 Thread 0x0000026970ac2800 Implicit null exception at 0x000002695ed05b50 to 0x000002695ed082c8
Event: 13833.783 Thread 0x0000026970ac3000 Implicit null exception at 0x000002695eca9ae1 to 0x000002695ecabb64
Event: 13833.783 Thread 0x0000026970ac3000 Implicit null exception at 0x000002695eca9595 to 0x000002695ecabbe4
Event: 13833.783 Thread 0x0000026970ac3000 Implicit null exception at 0x000002695eca9595 to 0x000002695ecabbe4
Event: 13833.802 Thread 0x0000026970ac3000 Exception <a 'java/lang/NoSuchMethodError'{0x0000000087adeb18}: <clinit>> (0x0000000087adeb18) thrown at [./src/hotspot/share/prims/jni.cpp, line 1362]
Event: 13833.809 Thread 0x0000026970ac1800 Exception <a 'java/lang/NoSuchMethodError'{0x0000000087996e38}: <clinit>> (0x0000000087996e38) thrown at [./src/hotspot/share/prims/jni.cpp, line 1362]
Event: 13833.810 Thread 0x0000026970ac1800 Exception <a 'java/lang/NoSuchMethodError'{0x00000000879a36d8}: <clinit>> (0x00000000879a36d8) thrown at [./src/hotspot/share/prims/jni.cpp, line 1362]
Event: 13833.817 Thread 0x0000026970ac1800 Exception <a 'java/lang/NoSuchMethodError'{0x000000008781d640}: <clinit>> (0x000000008781d640) thrown at [./src/hotspot/share/prims/jni.cpp, line 1362]
Event: 13833.818 Thread 0x0000026970ac1800 Exception <a 'java/lang/NoSuchMethodError'{0x0000000087828260}: <clinit>> (0x0000000087828260) thrown at [./src/hotspot/share/prims/jni.cpp, line 1362]
Event: 13833.819 Thread 0x0000026970ac1800 Exception <a 'java/lang/NoSuchMethodError'{0x0000000087834bf8}: <clinit>> (0x0000000087834bf8) thrown at [./src/hotspot/share/prims/jni.cpp, line 1362]
Event: 13833.927 Thread 0x0000026970ac1800 Exception <a 'java/lang/NoSuchMethodError'{0x00000000874f5e58}: <clinit>> (0x00000000874f5e58) thrown at [./src/hotspot/share/prims/jni.cpp, line 1362]
Event: 13834.043 Thread 0x0000026970ac1800 Implicit null exception at 0x000002695ed85850 to 0x000002695ed8761c
Event: 13834.822 Thread 0x0000026970ac1800 Exception <a 'java/lang/NoSuchMethodError'{0x0000000085915630}: <clinit>> (0x0000000085915630) thrown at [./src/hotspot/share/prims/jni.cpp, line 1362]
Event: 13834.822 Thread 0x0000026970ac1800 Exception <a 'java/lang/NoSuchMethodError'{0x00000000859162e0}: <clinit>> (0x00000000859162e0) thrown at [./src/hotspot/share/prims/jni.cpp, line 1362]
Event: 13834.858 Thread 0x0000026970ac1800 Implicit null exception at 0x000002695ed8a430 to 0x000002695ed8bf0c
Event: 14805.979 Thread 0x0000026970ac0000 Exception <a 'java/lang/NoSuchMethodError'{0x0000000084fc6b90}: <clinit>> (0x0000000084fc6b90) thrown at [./src/hotspot/share/prims/jni.cpp, line 1362]

Events (20 events):
Event: 56377.349 Executing VM operation: RevokeBias
Event: 56377.349 Executing VM operation: RevokeBias done
Event: 56377.349 Executing VM operation: RevokeBias
Event: 56377.349 Executing VM operation: RevokeBias done
Event: 56377.349 Executing VM operation: RevokeBias
Event: 56377.349 Executing VM operation: RevokeBias done
Event: 56397.351 Executing VM operation: RevokeBias
Event: 56397.351 Executing VM operation: RevokeBias done
Event: 56397.351 Executing VM operation: RevokeBias
Event: 56397.351 Executing VM operation: RevokeBias done
Event: 56397.351 Executing VM operation: RevokeBias
Event: 56397.351 Executing VM operation: RevokeBias done
Event: 56397.351 Executing VM operation: RevokeBias
Event: 56397.351 Executing VM operation: RevokeBias done
Event: 56402.347 Executing VM operation: RevokeBias
Event: 56402.347 Executing VM operation: RevokeBias done
Event: 56402.347 Executing VM operation: RevokeBias
Event: 56402.347 Executing VM operation: RevokeBias done
Event: 56402.347 Executing VM operation: RevokeBias
Event: 56402.347 Executing VM operation: RevokeBias done


Dynamic libraries:
0x00007ff627d00000 - 0x00007ff627d0a000 	C:\Users\dcomi\AppData\Local\JetBrains\Toolbox\apps\IDEA-U\ch-0\203.6682.168\jbr\bin\java.exe
0x00007ffe8c5f0000 - 0x00007ffe8c7e6000 	C:\WINDOWS\SYSTEM32\ntdll.dll
0x00007ffe8c350000 - 0x00007ffe8c40d000 	C:\WINDOWS\System32\KERNEL32.DLL
0x00007ffe89e60000 - 0x00007ffe8a129000 	C:\WINDOWS\System32\KERNELBASE.dll
0x00007ffe89d60000 - 0x00007ffe89e60000 	C:\WINDOWS\System32\ucrtbase.dll
0x00007ffe2ec10000 - 0x00007ffe2ec29000 	C:\Users\dcomi\AppData\Local\JetBrains\Toolbox\apps\IDEA-U\ch-0\203.6682.168\jbr\bin\jli.dll
0x00007ffe2c5a0000 - 0x00007ffe2c5b7000 	C:\Users\dcomi\AppData\Local\JetBrains\Toolbox\apps\IDEA-U\ch-0\203.6682.168\jbr\bin\VCRUNTIME140.dll
0x00007ffe8b150000 - 0x00007ffe8b2f0000 	C:\WINDOWS\System32\USER32.dll
0x00007ffe8a3c0000 - 0x00007ffe8a3e2000 	C:\WINDOWS\System32\win32u.dll
0x00007ffe7d160000 - 0x00007ffe7d3fb000 	C:\WINDOWS\WinSxS\amd64_microsoft.windows.common-controls_6595b64144ccf1df_6.0.19041.488_none_ca04af081b815d21\COMCTL32.dll
0x00007ffe8b7f0000 - 0x00007ffe8b81a000 	C:\WINDOWS\System32\GDI32.dll
0x00007ffe8c250000 - 0x00007ffe8c2ee000 	C:\WINDOWS\System32\msvcrt.dll
0x00007ffe8a540000 - 0x00007ffe8a649000 	C:\WINDOWS\System32\gdi32full.dll
0x00007ffe8a4a0000 - 0x00007ffe8a53d000 	C:\WINDOWS\System32\msvcp_win.dll
0x00007ffe8bf60000 - 0x00007ffe8bf90000 	C:\WINDOWS\System32\IMM32.DLL
0x00007ffe29910000 - 0x00007ffe299ad000 	C:\Users\dcomi\AppData\Local\JetBrains\Toolbox\apps\IDEA-U\ch-0\203.6682.168\jbr\bin\msvcp140.dll
0x00007ffe0d9d0000 - 0x00007ffe0e49e000 	C:\Users\dcomi\AppData\Local\JetBrains\Toolbox\apps\IDEA-U\ch-0\203.6682.168\jbr\bin\server\jvm.dll
0x00007ffe8c070000 - 0x00007ffe8c11c000 	C:\WINDOWS\System32\ADVAPI32.dll
0x00007ffe8bfa0000 - 0x00007ffe8c03c000 	C:\WINDOWS\System32\sechost.dll
0x00007ffe8b6b0000 - 0x00007ffe8b7db000 	C:\WINDOWS\System32\RPCRT4.dll
0x00007ffe8bf90000 - 0x00007ffe8bf98000 	C:\WINDOWS\System32\PSAPI.DLL
0x00007ffe87140000 - 0x00007ffe87149000 	C:\WINDOWS\SYSTEM32\WSOCK32.dll
0x00007ffe7e250000 - 0x00007ffe7e277000 	C:\WINDOWS\SYSTEM32\WINMM.dll
0x00007ffe8b820000 - 0x00007ffe8b88b000 	C:\WINDOWS\System32\WS2_32.dll
0x00007ffe83960000 - 0x00007ffe8396a000 	C:\WINDOWS\SYSTEM32\VERSION.dll
0x00007ffe88620000 - 0x00007ffe88632000 	C:\WINDOWS\SYSTEM32\kernel.appcore.dll
0x00007ffe73970000 - 0x00007ffe73981000 	C:\Users\dcomi\AppData\Local\JetBrains\Toolbox\apps\IDEA-U\ch-0\203.6682.168\jbr\bin\verify.dll
0x00007ffe88270000 - 0x00007ffe88454000 	C:\WINDOWS\SYSTEM32\DBGHELP.DLL
0x00007ffe79b80000 - 0x00007ffe79bac000 	C:\WINDOWS\SYSTEM32\dbgcore.DLL
0x00007ffe8a190000 - 0x00007ffe8a210000 	C:\WINDOWS\System32\bcryptPrimitives.dll
0x00007ffe731d0000 - 0x00007ffe731f9000 	C:\Users\dcomi\AppData\Local\JetBrains\Toolbox\apps\IDEA-U\ch-0\203.6682.168\jbr\bin\java.dll
0x00007ffe732c0000 - 0x00007ffe732cb000 	C:\Users\dcomi\AppData\Local\JetBrains\Toolbox\apps\IDEA-U\ch-0\203.6682.168\jbr\bin\jimage.dll
0x00007ffe716d0000 - 0x00007ffe716e8000 	C:\Users\dcomi\AppData\Local\JetBrains\Toolbox\apps\IDEA-U\ch-0\203.6682.168\jbr\bin\zip.dll
0x00007ffe8a650000 - 0x00007ffe8ad92000 	C:\WINDOWS\System32\SHELL32.dll
0x00007ffe87a10000 - 0x00007ffe881a5000 	C:\WINDOWS\SYSTEM32\windows.storage.dll
0x00007ffe8b2f0000 - 0x00007ffe8b646000 	C:\WINDOWS\System32\combase.dll
0x00007ffe896d0000 - 0x00007ffe896fc000 	C:\WINDOWS\SYSTEM32\Wldp.dll
0x00007ffe8c470000 - 0x00007ffe8c51e000 	C:\WINDOWS\System32\SHCORE.dll
0x00007ffe8b650000 - 0x00007ffe8b6a5000 	C:\WINDOWS\System32\shlwapi.dll
0x00007ffe89c60000 - 0x00007ffe89c86000 	C:\WINDOWS\SYSTEM32\profapi.dll
0x00007ffe70d40000 - 0x00007ffe70d5a000 	C:\Users\dcomi\AppData\Local\JetBrains\Toolbox\apps\IDEA-U\ch-0\203.6682.168\jbr\bin\net.dll
0x00007ffe80e50000 - 0x00007ffe80f50000 	C:\WINDOWS\SYSTEM32\WINHTTP.dll
0x00007ffe89450000 - 0x00007ffe894ba000 	C:\WINDOWS\system32\mswsock.dll
0x00007ffe70d20000 - 0x00007ffe70d34000 	C:\Users\dcomi\AppData\Local\JetBrains\Toolbox\apps\IDEA-U\ch-0\203.6682.168\jbr\bin\nio.dll
0x00007ffe89710000 - 0x00007ffe89728000 	C:\WINDOWS\SYSTEM32\CRYPTSP.dll
0x00007ffe88da0000 - 0x00007ffe88dd4000 	C:\WINDOWS\system32\rsaenh.dll
0x00007ffe89d30000 - 0x00007ffe89d57000 	C:\WINDOWS\System32\bcrypt.dll
0x00007ffe89be0000 - 0x00007ffe89c0e000 	C:\WINDOWS\SYSTEM32\USERENV.dll
0x00007ffe895d0000 - 0x00007ffe895dc000 	C:\WINDOWS\SYSTEM32\CRYPTBASE.dll
0x00007ffe89100000 - 0x00007ffe8913b000 	C:\WINDOWS\SYSTEM32\IPHLPAPI.DLL
0x00007ffe8b7e0000 - 0x00007ffe8b7e8000 	C:\WINDOWS\System32\NSI.dll
0x00007ffe83d50000 - 0x00007ffe83d67000 	C:\WINDOWS\SYSTEM32\dhcpcsvc6.DLL
0x00007ffe83970000 - 0x00007ffe8398d000 	C:\WINDOWS\SYSTEM32\dhcpcsvc.DLL
0x00007ffe891a0000 - 0x00007ffe8926b000 	C:\WINDOWS\SYSTEM32\DNSAPI.dll
0x00007ffe6a8f0000 - 0x00007ffe6a8f8000 	C:\Users\dcomi\AppData\Local\JetBrains\Toolbox\apps\IDEA-U\ch-0\203.6682.168\jbr\bin\rmi.dll
0x00007ffe801f0000 - 0x00007ffe801fa000 	C:\Windows\System32\rasadhlp.dll
0x00007ffe7fe00000 - 0x00007ffe7fe7f000 	C:\WINDOWS\System32\fwpuclnt.dll

dbghelp: loaded successfully - version: 4.0.5 - missing functions: none
symbol engine: initialized successfully - sym options: 0x614 - pdb path: .;C:\Users\dcomi\AppData\Local\JetBrains\Toolbox\apps\IDEA-U\ch-0\203.6682.168\jbr\bin;C:\WINDOWS\SYSTEM32;C:\WINDOWS\WinSxS\amd64_microsoft.windows.common-controls_6595b64144ccf1df_6.0.19041.488_none_ca04af081b815d21;C:\Users\dcomi\AppData\Local\JetBrains\Toolbox\apps\IDEA-U\ch-0\203.6682.168\jbr\bin\server

VM Arguments:
jvm_args: -Djava.rmi.server.hostname=127.0.0.1 -Duser.timezone=UTC -Xmx2048m -Xms128m -Dfile.encoding=UTF-8 
java_command: com.intellij.database.remote.RemoteJdbcServer org.postgresql.Driver
java_class_path (initial): C:\Users\dcomi\AppData\Local\JetBrains\Toolbox\apps\IDEA-U\ch-0\203.6682.168\lib\util.jar;C:\Users\dcomi\AppData\Local\JetBrains\Toolbox\apps\IDEA-U\ch-0\203.6682.168\lib\trove4j.jar;C:\Users\dcomi\AppData\Local\JetBrains\Toolbox\apps\IDEA-U\ch-0\203.6682.168\lib\groovy-2.5.11.jar;C:\Users\dcomi\AppData\Local\JetBrains\Toolbox\apps\IDEA-U\ch-0\203.6682.168\plugins\DatabaseTools\lib\jdbc-console.jar;C:\Users\dcomi\AppData\Roaming\JetBrains\IntelliJIdea2020.3\jdbc-drivers\PostgreSQL\42.2.5\postgresql-42.2.5.jar;C:\Users\dcomi\AppData\Roaming\JetBrains\IntelliJIdea2020.3\jdbc-drivers\PostgreSQL\42.2.5\jna-platform-win-4.4.0.jar;C:\Users\dcomi\AppData\Roaming\JetBrains\IntelliJIdea2020.3\jdbc-drivers\PostgreSQL\42.2.5\jna-win-4.4.0.jar;C:\Users\dcomi\AppData\Roaming\JetBrains\IntelliJIdea2020.3\jdbc-drivers\PostgreSQL\42.2.5\waffle-jna-win-1.8.1.jar
Launcher Type: SUN_STANDARD

[Global flags]
     intx CICompilerCount                          = 15                                        {product} {ergonomic}
     uint ConcGCThreads                            = 6                                         {product} {ergonomic}
     uint G1ConcRefinementThreads                  = 23                                        {product} {ergonomic}
   size_t G1HeapRegionSize                         = 1048576                                   {product} {ergonomic}
    uintx GCDrainStackTargetSize                   = 64                                        {product} {ergonomic}
   size_t InitialHeapSize                          = 134217728                                 {product} {command line}
   size_t MarkStackSize                            = 4194304                                   {product} {ergonomic}
   size_t MaxHeapSize                              = 2147483648                                {product} {command line}
   size_t MaxNewSize                               = 1287651328                                {product} {ergonomic}
   size_t MinHeapDeltaBytes                        = 1048576                                   {product} {ergonomic}
    uintx NonNMethodCodeHeapSize                   = 8182140                                {pd product} {ergonomic}
    uintx NonProfiledCodeHeapSize                  = 121738050                              {pd product} {ergonomic}
    uintx ProfiledCodeHeapSize                     = 121738050                              {pd product} {ergonomic}
    uintx ReservedCodeCacheSize                    = 251658240                              {pd product} {ergonomic}
     bool SegmentedCodeCache                       = true                                      {product} {ergonomic}
     bool UseCompressedClassPointers               = true                                 {lp64_product} {ergonomic}
     bool UseCompressedOops                        = true                                 {lp64_product} {ergonomic}
     bool UseG1GC                                  = true                                      {product} {ergonomic}
     bool UseLargePagesIndividualAllocation        = false                                  {pd product} {ergonomic}

Logging:
Log output configuration:
 #0: stdout all=warning uptime,level,tags
 #1: stderr all=off uptime,level,tags

Environment Variables:
JAVA_HOME=C:\Program Files\RedHat\java-11-openjdk-11.0.8-2\
PATH=C:\Program Files\Python38\Scripts\;C:\Program Files\Python38\;C:\Program Files\Microsoft HPC Pack 2008 R2\Bin\;C:\WINDOWS\system32;C:\WINDOWS;C:\WINDOWS\System32\Wbem;C:\WINDOWS\System32\WindowsPowerShell\v1.0\;C:\WINDOWS\System32\OpenSSH\;C:\Program Files (x86)\NVIDIA Corporation\PhysX\Common;C:\Program Files\NVIDIA Corporation\NVIDIA NvDLISR;C:\Program Files\Microsoft VS Code\bin;C:\Program Files\RedHat\java-11-openjdk-11.0.8-2\bin;C:\Program Files\Git\cmd;C:\Program Files\Process Lasso\;C:\Program Files\nodejs\;C:\Program Files\Geth;C:\Program Files\Docker\Docker\resources\bin;C:\ProgramData\DockerDesktop\version-bin;C:\Users\dcomi\AppData\Local\Microsoft\WindowsApps;W:\Libraries\javafx-sdk-11.0.2\lib;C:\Users\dcomi\AppData\Roaming\npm;W:\Programs\gradle-5.6.4\bin;
USERNAME=dcomi
OS=Windows_NT
PROCESSOR_IDENTIFIER=AMD64 Family 25 Model 33 Stepping 0, AuthenticAMD



---------------  S Y S T E M  ---------------

OS: Windows 10 , 64 bit Build 19041 (10.0.19041.662)
OS uptime: 1 days 12:07 hours
HyperV virtualization detected

CPU:total 32 (initial active 32) (32 cores per cpu, 2 threads per core) family 25 model 33 stepping 0, cmov, cx8, fxsr, mmx, sse, sse2, sse3, ssse3, sse4.1, sse4.2, popcnt, avx, avx2, aes, clmul, erms, mmxext, 3dnowpref, lzcnt, sse4a, ht, tsc, tscinvbit, tscinv, bmi1, bmi2, adx, sha, fma

Memory: 4k page, system-wide physical 32680M (822M free)
TotalPageFile size 96680M (AvailPageFile size 0M)
current process WorkingSet (physical memory assigned to process): 54M, peak: 173M
current process commit charge ("private bytes"): 261M, peak: 306M

vm_info: OpenJDK 64-Bit Server VM (11.0.9.1+11-b1145.63) for windows-amd64 JRE (11.0.9.1+11-b1145.63), built on Dec 21 2020 13:58:54 by "" with MS VC++ 14.0 (VS2015)

END.
